<?xml version="1.0" encoding="UTF-8" ?>
<testsuite tests="43" failures="0" name="com.bdd.testrunner.TestRunner" time="0.133" errors="0" skipped="16">
  <properties>
[...]
</properties>
  <testcase classname="Scenario: Editing the profile" name="Given I am on Github home page" time="0.003"/>
  <testcase classname="Scenario: Editing the profile" name="When I specify Username as “xxxxxxxxxxxxxxxxxxxx” and Password as “xxx”" time="0"/>
  <testcase classname="Scenario: Editing the profile" name="And Click on SignIn button" time="0"/>
  <testcase classname="Scenario: Editing the profile" name="Given I click on Your Profile option" time="0"/>
  <testcase classname="Scenario: Editing the profile" name="When I click on edit profile button" time="0"/>
  <testcase classname="Scenario: Editing the profile" name="And Uploaded new picture" time="0"/>
  <testcase classname="Scenario: Editing the profile" name="Then I should be seeing new profile picture" time="0"/>
  <testcase classname="Scenario: Editing the profile" name="Scenario: Editing the profile" time="0.001"/>
  <testcase classname="Scenario: updating the profile" name="Given I am on Github home page" time="0"/>
  <testcase classname="Scenario: updating the profile" name="When I specify Username as “xxxxxxxxxxxxxxxxxxxx” and Password as “xxx”" time="0"/>
  <testcase classname="Scenario: updating the profile" name="And Click on SignIn button" time="0"/>
  <testcase classname="Scenario: updating the profile" name="Given I click on Your Profile option" time="0"/>
  <testcase classname="Scenario: updating the profile" name="When I click on edit profile button" time="0"/>
  <testcase classname="Scenario: updating the profile" name="And Uploaded new picture" time="0"/>
  <testcase classname="Scenario: updating the profile" name="Then I should be seeing new profile picture" time="0"/>
  <testcase classname="Scenario: updating the profile" name="Scenario: updating the profile" time="0.001"/>
  <testcase classname="Scenario: Title of your scenario" name="Given I want to write a step with precondition" time="0.006">
    <skipped/>
  </testcase>
  <testcase classname="Scenario: Title of your scenario" name="And some other precondition" time="0.007">
    <skipped/>
  </testcase>
  <testcase classname="Scenario: Title of your scenario" name="When I complete action" time="0.008">
    <skipped/>
  </testcase>
  <testcase classname="Scenario: Title of your scenario" name="And some other action" time="0.008">
    <skipped/>
  </testcase>
  <testcase classname="Scenario: Title of your scenario" name="And yet another action" time="0.009">
    <skipped/>
  </testcase>
  <testcase classname="Scenario: Title of your scenario" name="Then I validate the outcomes" time="0.01">
    <skipped/>
  </testcase>
  <testcase classname="Scenario: Title of your scenario" name="And check more outcomes" time="0.01">
    <skipped/>
  </testcase>
  <testcase classname="Scenario: Title of your scenario" name="Scenario: Title of your scenario" time="0.011">
    <skipped/>
  </testcase>
  <testcase classname="Scenario: Title of your scenario" name="Scenario: Title of your scenario" time="0.011"/>
  <testcase classname="| name1 | 5 | success |" name="Given I want to write a step with name1" time="0.004">
    <skipped/>
  </testcase>
  <testcase classname="| name1 | 5 | success |" name="When I check for the 5 in step" time="0.004">
    <skipped/>
  </testcase>
  <testcase classname="| name1 | 5 | success |" name="Then I verify the success in step" time="0.005">
    <skipped/>
  </testcase>
  <testcase classname="| name1 | 5 | success |" name="| name1 | 5 | success |" time="0.005">
    <skipped/>
  </testcase>
  <testcase classname="| name1 | 5 | success |" name="| name1 | 5 | success |" time="0.006"/>
  <testcase classname="| name2 | 7 | Fail |" name="Given I want to write a step with name2" time="0.003">
    <skipped/>
  </testcase>
  <testcase classname="| name2 | 7 | Fail |" name="When I check for the 7 in step" time="0.004">
    <skipped/>
  </testcase>
  <testcase classname="| name2 | 7 | Fail |" name="Then I verify the Fail in step" time="0.005">
    <skipped/>
  </testcase>
  <testcase classname="| name2 | 7 | Fail |" name="| name2 | 7 | Fail |" time="0.006">
    <skipped/>
  </testcase>
  <testcase classname="| name2 | 7 | Fail |" name="| name2 | 7 | Fail |" time="0.006"/>
  <testcase classname="Scenario: updating the profile" name="Given I am on Github home page" time="0"/>
  <testcase classname="Scenario: updating the profile" name="When I specify Username as “xxxxxxxxxxxxxxxxxxxx” and Password as “xxx”" time="0"/>
  <testcase classname="Scenario: updating the profile" name="And Click on SignIn button" time="0"/>
  <testcase classname="Scenario: updating the profile" name="Given I click on Your Profile option" time="0"/>
  <testcase classname="Scenario: updating the profile" name="When I click on edit profile button" time="0"/>
  <testcase classname="Scenario: updating the profile" name="And Uploaded new picture" time="0"/>
  <testcase classname="Scenario: updating the profile" name="Then I should be seeing new profile picture" time="0"/>
  <testcase classname="Scenario: updating the profile" name="Scenario: updating the profile" time="0"/>
</testsuite>